[2025-10-25 13:45:56] Скрипт timer.sh не найден в процессах, запускаем...
[2025-10-25 13:45:56] Запущен скрипт: timer.sh (PID: 72188)
[2025-10-25 13:45:56] Скрипт logger.sh не найден в процессах, запускаем...
[2025-10-25 13:45:56] Запущен скрипт: logger.sh (PID: 72431)
[2025-10-25 13:45:56] Скрипт exequtor.sh не найден в процессах, запускаем...
[2025-10-25 13:45:56] Запущен скрипт: exequtor.sh (PID: 72678)
[2025-10-25 13:45:56] Скрипт template_task.sh не найден в процессах, запускаем...
[2025-10-25 13:45:56] Запущен скрипт: template_task.sh (PID: 72929)
[2025-10-25 13:59:15] Скрипт timer.sh работает нормально
[2025-10-25 13:59:15] Скрипт logger.sh работает нормально
[2025-10-25 13:59:15] Скрипт exequtor.sh не найден в процессах, запускаем...
[2025-10-25 13:59:15] Запущен скрипт: exequtor.sh (PID: 73710)
[2025-10-25 13:59:15] Скрипт template_task.sh не найден в процессах, запускаем...
[2025-10-25 13:59:15] Запущен скрипт: template_task.sh (PID: 73963)
[2025-10-25 14:02:04] Скрипт timer.sh работает нормально
[2025-10-25 14:02:04] Скрипт logger.sh работает нормально
[2025-10-25 14:02:04] Скрипт exequtor.sh работает нормально
[2025-10-25 14:02:04] Скрипт template_task.sh не найден в процессах, запускаем...
[2025-10-25 14:02:04] Запущен скрипт: template_task.sh (PID: 74905)
[2025-10-25 14:40:01] Скрипт timer.sh не найден в процессах, запускаем...
[2025-10-25 14:40:01] Запущен скрипт: timer.sh (PID: 75680)
[2025-10-25 14:40:01] Скрипт logger.sh не найден в процессах, запускаем...
[2025-10-25 14:40:01] Запущен скрипт: logger.sh (PID: 75931)
[2025-10-25 14:40:01] Скрипт exequtor.sh не найден в процессах, запускаем...
[2025-10-25 14:40:01] Запущен скрипт: exequtor.sh (PID: 76186)
[2025-10-25 14:40:01] Скрипт template_task.sh не найден в процессах, запускаем...
[2025-10-25 14:40:01] Запущен скрипт: template_task.sh (PID: 76445)
[2025-10-25 14:41:01] Скрипт timer.sh работает нормально
[2025-10-25 14:41:01] Скрипт logger.sh работает нормально
[2025-10-25 14:41:01] Скрипт exequtor.sh работает нормально
[2025-10-25 14:41:01] Скрипт template_task.sh не найден в процессах, запускаем...
[2025-10-25 14:41:01] Запущен скрипт: template_task.sh (PID: 77418)
[2025-10-25 14:42:01] Скрипт timer.sh работает нормально
[2025-10-25 14:42:01] Скрипт logger.sh работает нормально
[2025-10-25 14:42:01] Скрипт exequtor.sh работает нормально
[2025-10-25 14:42:01] Скрипт template_task.sh не найден в процессах, запускаем...
[2025-10-25 14:42:01] Запущен скрипт: template_task.sh (PID: 78379)
[2025-10-25 14:43:01] Скрипт timer.sh работает нормально
[2025-10-25 14:43:01] Скрипт logger.sh работает нормально
[2025-10-25 14:43:01] Скрипт exequtor.sh работает нормально
[2025-10-25 14:43:01] Скрипт template_task.sh не найден в процессах, запускаем...
[2025-10-25 14:43:01] Запущен скрипт: template_task.sh (PID: 79341)
[2025-10-25 14:43:27] Скрипт timer.sh работает нормально
[2025-10-25 14:43:27] Скрипт logger.sh работает нормально
[2025-10-25 14:43:27] Скрипт exequtor.sh работает нормально
[2025-10-25 14:43:27] Скрипт template_task.sh не найден в процессах, запускаем...
[2025-10-25 14:43:27] Запущен скрипт: template_task.sh (PID: 80298)
[2025-10-25 14:44:01] Скрипт timer.sh работает нормально
[2025-10-25 14:44:01] Скрипт logger.sh работает нормально
[2025-10-25 14:44:01] Скрипт exequtor.sh работает нормально
[2025-10-25 14:44:01] Скрипт template_task.sh не найден в процессах, запускаем...
[2025-10-25 14:44:01] Запущен скрипт: template_task.sh (PID: 81266)
[2025-10-25 14:45:01] Скрипт timer.sh работает нормально
[2025-10-25 14:45:01] Скрипт logger.sh работает нормально
[2025-10-25 14:45:01] Скрипт exequtor.sh работает нормально
[2025-10-25 14:45:01] Скрипт template_task.sh не найден в процессах, запускаем...
[2025-10-25 14:45:01] Запущен скрипт: template_task.sh (PID: 82234)
[2025-10-25 14:46:01] Скрипт timer.sh работает нормально
[2025-10-25 14:46:01] Скрипт logger.sh работает нормально
[2025-10-25 14:46:01] Скрипт exequtor.sh работает нормально
[2025-10-25 14:46:01] Скрипт template_task.sh не найден в процессах, запускаем...
[2025-10-25 14:46:01] Запущен скрипт: template_task.sh (PID: 83184)
[2025-10-25 14:47:01] Скрипт timer.sh работает нормально
[2025-10-25 14:47:01] Скрипт logger.sh работает нормально
[2025-10-25 14:47:01] Скрипт exequtor.sh работает нормально
[2025-10-25 14:47:01] Скрипт template_task.sh не найден в процессах, запускаем...
[2025-10-25 14:47:01] Запущен скрипт: template_task.sh (PID: 84137)
[2025-10-25 14:48:01] Скрипт timer.sh работает нормально
[2025-10-25 14:48:01] Скрипт logger.sh работает нормально
[2025-10-25 14:48:01] Скрипт exequtor.sh работает нормально
[2025-10-25 14:48:01] Скрипт template_task.sh не найден в процессах, запускаем...
[2025-10-25 14:48:01] Запущен скрипт: template_task.sh (PID: 85086)
[2025-10-25 14:49:01] Скрипт timer.sh работает нормально
[2025-10-25 14:49:01] Скрипт logger.sh работает нормально
[2025-10-25 14:49:01] Скрипт exequtor.sh работает нормально
[2025-10-25 14:49:01] Скрипт template_task.sh не найден в процессах, запускаем...
[2025-10-25 14:49:01] Запущен скрипт: template_task.sh (PID: 86034)
[2025-10-25 14:50:01] Скрипт timer.sh работает нормально
[2025-10-25 14:50:01] Скрипт logger.sh работает нормально
[2025-10-25 14:50:01] Скрипт exequtor.sh работает нормально
[2025-10-25 14:50:01] Скрипт template_task.sh не найден в процессах, запускаем...
[2025-10-25 14:50:01] Запущен скрипт: template_task.sh (PID: 86987)
[2025-10-25 14:51:01] Скрипт timer.sh работает нормально
[2025-10-25 14:51:01] Скрипт logger.sh работает нормально
[2025-10-25 14:51:01] Скрипт exequtor.sh работает нормально
[2025-10-25 14:51:01] Скрипт template_task.sh не найден в процессах, запускаем...
[2025-10-25 14:51:01] Запущен скрипт: template_task.sh (PID: 87929)
[2025-10-25 14:52:01] Скрипт timer.sh работает нормально
[2025-10-25 14:52:01] Скрипт logger.sh не найден в процессах, запускаем...
[2025-10-25 14:52:01] Запущен скрипт: logger.sh (PID: 88410)
[2025-10-25 14:52:01] Скрипт exequtor.sh работает нормально
[2025-10-25 14:52:01] Скрипт template_task.sh не найден в процессах, запускаем...
[2025-10-25 14:52:01] Запущен скрипт: template_task.sh (PID: 88896)
[2025-10-25 14:53:01] Скрипт timer.sh работает нормально
[2025-10-25 14:53:01] Скрипт logger.sh работает нормально
[2025-10-25 14:53:01] Скрипт exequtor.sh работает нормально
[2025-10-25 14:53:01] Скрипт template_task.sh не найден в процессах, запускаем...
[2025-10-25 14:53:01] Запущен скрипт: template_task.sh (PID: 89851)
[2025-10-25 14:54:01] Скрипт timer.sh работает нормально
[2025-10-25 14:54:01] Скрипт logger.sh работает нормально
[2025-10-25 14:54:01] Скрипт exequtor.sh работает нормально
[2025-10-25 14:54:01] Скрипт template_task.sh не найден в процессах, запускаем...
[2025-10-25 14:54:01] Запущен скрипт: template_task.sh (PID: 90809)
[2025-10-25 14:55:01] Скрипт timer.sh работает нормально
[2025-10-25 14:55:01] Скрипт logger.sh работает нормально
[2025-10-25 14:55:01] Скрипт exequtor.sh работает нормально
[2025-10-25 14:55:01] Скрипт template_task.sh не найден в процессах, запускаем...
[2025-10-25 14:55:01] Запущен скрипт: template_task.sh (PID: 91772)
[2025-10-25 14:56:01] Скрипт timer.sh работает нормально
[2025-10-25 14:56:01] Скрипт logger.sh работает нормально
[2025-10-25 14:56:01] Скрипт exequtor.sh работает нормально
[2025-10-25 14:56:01] Скрипт template_task.sh не найден в процессах, запускаем...
[2025-10-25 14:56:01] Запущен скрипт: template_task.sh (PID: 92724)
[2025-10-25 14:57:01] Скрипт timer.sh работает нормально
[2025-10-25 14:57:01] Скрипт logger.sh не найден в процессах, запускаем...
[2025-10-25 14:57:01] Запущен скрипт: logger.sh (PID: 93201)
[2025-10-25 14:57:01] Скрипт exequtor.sh работает нормально
[2025-10-25 14:57:01] Скрипт template_task.sh не найден в процессах, запускаем...
[2025-10-25 14:57:01] Запущен скрипт: template_task.sh (PID: 93683)
[2025-10-25 14:58:01] Скрипт timer.sh не найден в процессах, запускаем...
[2025-10-25 14:58:01] Запущен скрипт: timer.sh (PID: 93943)
[2025-10-25 14:58:01] Скрипт logger.sh работает нормально
[2025-10-25 14:58:01] Скрипт exequtor.sh работает нормально
[2025-10-25 14:58:01] Скрипт template_task.sh не найден в процессах, запускаем...
[2025-10-25 14:58:01] Запущен скрипт: template_task.sh (PID: 94662)
[2025-10-25 14:59:01] Скрипт timer.sh работает нормально
[2025-10-25 14:59:01] Скрипт logger.sh работает нормально
[2025-10-25 14:59:01] Скрипт exequtor.sh работает нормально
[2025-10-25 14:59:01] Скрипт template_task.sh не найден в процессах, запускаем...
[2025-10-25 14:59:01] Запущен скрипт: template_task.sh (PID: 95632)
[2025-10-25 15:00:01] Скрипт timer.sh работает нормально
[2025-10-25 15:00:01] Скрипт logger.sh работает нормально
[2025-10-25 15:00:01] Скрипт exequtor.sh работает нормально
[2025-10-25 15:00:01] Скрипт template_task.sh не найден в процессах, запускаем...
[2025-10-25 15:00:01] Запущен скрипт: template_task.sh (PID: 96600)
[2025-10-25 15:01:01] Скрипт timer.sh не найден в процессах, запускаем...
[2025-10-25 15:01:01] Запущен скрипт: timer.sh (PID: 96863)
[2025-10-25 15:01:01] Скрипт logger.sh работает нормально
[2025-10-25 15:01:01] Скрипт exequtor.sh работает нормально
[2025-10-25 15:01:01] Скрипт template_task.sh не найден в процессах, запускаем...
[2025-10-25 15:01:01] Запущен скрипт: template_task.sh (PID: 97582)
[2025-10-25 15:02:01] Скрипт timer.sh работает нормально
[2025-10-25 15:02:01] Скрипт logger.sh работает нормально
[2025-10-25 15:02:01] Скрипт exequtor.sh не найден в процессах, запускаем...
[2025-10-25 15:02:01] Запущен скрипт: exequtor.sh (PID: 98318)
[2025-10-25 15:02:01] Скрипт template_task.sh не найден в процессах, запускаем...
[2025-10-25 15:02:01] Запущен скрипт: template_task.sh (PID: 98575)
[2025-10-25 15:03:01] Скрипт timer.sh работает нормально
[2025-10-25 15:03:01] Скрипт logger.sh работает нормально
[2025-10-25 15:03:01] Скрипт exequtor.sh работает нормально
[2025-10-25 15:03:01] Скрипт template_task.sh не найден в процессах, запускаем...
[2025-10-25 15:03:01] Запущен скрипт: template_task.sh (PID: 99560)
[2025-10-25 15:04:01] Скрипт timer.sh работает нормально
[2025-10-25 15:04:01] Скрипт logger.sh работает нормально
[2025-10-25 15:04:01] Скрипт exequtor.sh работает нормально
[2025-10-25 15:04:01] Скрипт template_task.sh не найден в процессах, запускаем...
[2025-10-25 15:04:01] Запущен скрипт: template_task.sh (PID: 100544)
[2025-10-25 15:05:01] Скрипт timer.sh работает нормально
[2025-10-25 15:05:01] Скрипт logger.sh работает нормально
[2025-10-25 15:05:01] Скрипт exequtor.sh работает нормально
[2025-10-25 15:05:01] Скрипт template_task.sh не найден в процессах, запускаем...
[2025-10-25 15:05:01] Запущен скрипт: template_task.sh (PID: 101558)
